{"/Users/user/frontend-project-lvl2/src/gendiff.js": {"path":"/Users/user/frontend-project-lvl2/src/gendiff.js","all":false,"statementMap":{"0":{"start":{"line":1,"column":0},"end":{"line":1,"column":34}},"1":{"start":{"line":2,"column":0},"end":{"line":2,"column":25}},"2":{"start":{"line":3,"column":0},"end":{"line":3,"column":0}},"3":{"start":{"line":4,"column":0},"end":{"line":4,"column":27}},"4":{"start":{"line":5,"column":0},"end":{"line":5,"column":15}},"5":{"start":{"line":6,"column":0},"end":{"line":6,"column":32}},"6":{"start":{"line":7,"column":0},"end":{"line":7,"column":36}},"7":{"start":{"line":8,"column":0},"end":{"line":8,"column":44}},"8":{"start":{"line":9,"column":0},"end":{"line":9,"column":40}},"9":{"start":{"line":10,"column":0},"end":{"line":10,"column":3}},"10":{"start":{"line":11,"column":0},"end":{"line":11,"column":0}},"11":{"start":{"line":12,"column":0},"end":{"line":12,"column":22}},"12":{"start":{"line":13,"column":0},"end":{"line":13,"column":1}},"13":{"start":{"line":14,"column":0},"end":{"line":14,"column":0}},"14":{"start":{"line":15,"column":0},"end":{"line":15,"column":33}},"15":{"start":{"line":16,"column":0},"end":{"line":16,"column":0}},"16":{"start":{"line":17,"column":0},"end":{"line":17,"column":47}},"17":{"start":{"line":18,"column":0},"end":{"line":18,"column":30}},"18":{"start":{"line":19,"column":0},"end":{"line":19,"column":30}},"19":{"start":{"line":20,"column":0},"end":{"line":20,"column":48}},"20":{"start":{"line":21,"column":0},"end":{"line":21,"column":20}},"21":{"start":{"line":22,"column":0},"end":{"line":22,"column":31}},"22":{"start":{"line":23,"column":0},"end":{"line":23,"column":50}},"23":{"start":{"line":24,"column":0},"end":{"line":24,"column":42}},"24":{"start":{"line":25,"column":0},"end":{"line":25,"column":57}},"25":{"start":{"line":26,"column":0},"end":{"line":26,"column":42}},"26":{"start":{"line":27,"column":0},"end":{"line":27,"column":47}},"27":{"start":{"line":28,"column":0},"end":{"line":28,"column":42}},"28":{"start":{"line":29,"column":0},"end":{"line":29,"column":42}},"29":{"start":{"line":30,"column":0},"end":{"line":30,"column":12}},"30":{"start":{"line":31,"column":0},"end":{"line":31,"column":42}},"31":{"start":{"line":32,"column":0},"end":{"line":32,"column":5}},"32":{"start":{"line":33,"column":0},"end":{"line":33,"column":5}},"33":{"start":{"line":34,"column":0},"end":{"line":34,"column":38}},"34":{"start":{"line":35,"column":0},"end":{"line":35,"column":29}},"35":{"start":{"line":36,"column":0},"end":{"line":36,"column":1}},"36":{"start":{"line":37,"column":0},"end":{"line":37,"column":0}},"37":{"start":{"line":38,"column":0},"end":{"line":38,"column":55}},"38":{"start":{"line":39,"column":0},"end":{"line":39,"column":52}},"39":{"start":{"line":40,"column":0},"end":{"line":40,"column":52}},"40":{"start":{"line":41,"column":0},"end":{"line":41,"column":44}},"41":{"start":{"line":42,"column":0},"end":{"line":42,"column":44}},"42":{"start":{"line":43,"column":0},"end":{"line":43,"column":54}},"43":{"start":{"line":44,"column":0},"end":{"line":44,"column":1}}},"s":{"0":1,"1":1,"2":1,"3":1,"4":1,"5":1,"6":1,"7":1,"8":6,"9":6,"10":1,"11":1,"12":1,"13":1,"14":1,"15":1,"16":1,"17":1,"18":1,"19":1,"20":1,"21":1,"22":5,"23":2,"24":5,"25":1,"26":3,"27":1,"28":1,"29":1,"30":1,"31":1,"32":1,"33":1,"34":1,"35":1,"36":1,"37":1,"38":1,"39":1,"40":1,"41":1,"42":1,"43":1},"branchMap":{"0":{"type":"branch","line":1,"loc":{"start":{"line":1,"column":0},"end":{"line":44,"column":1}},"locations":[{"start":{"line":1,"column":0},"end":{"line":44,"column":1}}]},"1":{"type":"branch","line":4,"loc":{"start":{"line":4,"column":0},"end":{"line":13,"column":1}},"locations":[{"start":{"line":4,"column":0},"end":{"line":13,"column":1}}]},"2":{"type":"branch","line":8,"loc":{"start":{"line":8,"column":43},"end":{"line":10,"column":3}},"locations":[{"start":{"line":8,"column":43},"end":{"line":10,"column":3}}]},"3":{"type":"branch","line":17,"loc":{"start":{"line":17,"column":0},"end":{"line":36,"column":1}},"locations":[{"start":{"line":17,"column":0},"end":{"line":36,"column":1}}]},"4":{"type":"branch","line":22,"loc":{"start":{"line":22,"column":21},"end":{"line":33,"column":3}},"locations":[{"start":{"line":22,"column":21},"end":{"line":33,"column":3}}]},"5":{"type":"branch","line":23,"loc":{"start":{"line":23,"column":26},"end":{"line":23,"column":47}},"locations":[{"start":{"line":23,"column":26},"end":{"line":23,"column":47}}]},"6":{"type":"branch","line":23,"loc":{"start":{"line":23,"column":49},"end":{"line":25,"column":5}},"locations":[{"start":{"line":23,"column":49},"end":{"line":25,"column":5}}]},"7":{"type":"branch","line":25,"loc":{"start":{"line":25,"column":5},"end":{"line":32,"column":5}},"locations":[{"start":{"line":25,"column":5},"end":{"line":32,"column":5}}]},"8":{"type":"branch","line":25,"loc":{"start":{"line":25,"column":56},"end":{"line":27,"column":5}},"locations":[{"start":{"line":25,"column":56},"end":{"line":27,"column":5}}]},"9":{"type":"branch","line":27,"loc":{"start":{"line":27,"column":5},"end":{"line":32,"column":5}},"locations":[{"start":{"line":27,"column":5},"end":{"line":32,"column":5}}]},"10":{"type":"branch","line":27,"loc":{"start":{"line":27,"column":46},"end":{"line":32,"column":5}},"locations":[{"start":{"line":27,"column":46},"end":{"line":32,"column":5}}]},"11":{"type":"branch","line":38,"loc":{"start":{"line":38,"column":15},"end":{"line":44,"column":1}},"locations":[{"start":{"line":38,"column":15},"end":{"line":44,"column":1}}]}},"b":{"0":[1],"1":[1],"2":[6],"3":[1],"4":[5],"5":[4],"6":[2],"7":[3],"8":[1],"9":[2],"10":[1],"11":[1]},"fnMap":{"0":{"name":"objToString","decl":{"start":{"line":4,"column":0},"end":{"line":13,"column":1}},"loc":{"start":{"line":4,"column":0},"end":{"line":13,"column":1}},"line":4},"1":{"name":"getObjcetsCompared","decl":{"start":{"line":17,"column":0},"end":{"line":36,"column":1}},"loc":{"start":{"line":17,"column":0},"end":{"line":36,"column":1}},"line":17},"2":{"name":"gendiff","decl":{"start":{"line":38,"column":15},"end":{"line":44,"column":1}},"loc":{"start":{"line":38,"column":15},"end":{"line":44,"column":1}},"line":38}},"f":{"0":1,"1":1,"2":1}}
}
