{"/Users/user/frontend-project-lvl2/src/gendiff.js": {"path":"/Users/user/frontend-project-lvl2/src/gendiff.js","all":false,"statementMap":{"0":{"start":{"line":1,"column":0},"end":{"line":1,"column":34}},"1":{"start":{"line":2,"column":0},"end":{"line":2,"column":25}},"2":{"start":{"line":3,"column":0},"end":{"line":3,"column":27}},"3":{"start":{"line":4,"column":0},"end":{"line":4,"column":0}},"4":{"start":{"line":5,"column":0},"end":{"line":5,"column":27}},"5":{"start":{"line":6,"column":0},"end":{"line":6,"column":15}},"6":{"start":{"line":7,"column":0},"end":{"line":7,"column":32}},"7":{"start":{"line":8,"column":0},"end":{"line":8,"column":36}},"8":{"start":{"line":9,"column":0},"end":{"line":9,"column":44}},"9":{"start":{"line":10,"column":0},"end":{"line":10,"column":40}},"10":{"start":{"line":11,"column":0},"end":{"line":11,"column":3}},"11":{"start":{"line":12,"column":0},"end":{"line":12,"column":0}},"12":{"start":{"line":13,"column":0},"end":{"line":13,"column":22}},"13":{"start":{"line":14,"column":0},"end":{"line":14,"column":1}},"14":{"start":{"line":15,"column":0},"end":{"line":15,"column":0}},"15":{"start":{"line":16,"column":0},"end":{"line":16,"column":39}},"16":{"start":{"line":17,"column":0},"end":{"line":17,"column":0}},"17":{"start":{"line":18,"column":0},"end":{"line":18,"column":28}},"18":{"start":{"line":19,"column":0},"end":{"line":19,"column":64}},"19":{"start":{"line":20,"column":0},"end":{"line":20,"column":33}},"20":{"start":{"line":21,"column":0},"end":{"line":21,"column":54}},"21":{"start":{"line":22,"column":0},"end":{"line":22,"column":67}},"22":{"start":{"line":23,"column":0},"end":{"line":23,"column":53}},"23":{"start":{"line":24,"column":0},"end":{"line":24,"column":3}},"24":{"start":{"line":25,"column":0},"end":{"line":25,"column":46}},"25":{"start":{"line":26,"column":0},"end":{"line":26,"column":1}},"26":{"start":{"line":27,"column":0},"end":{"line":27,"column":0}},"27":{"start":{"line":28,"column":0},"end":{"line":28,"column":47}},"28":{"start":{"line":29,"column":0},"end":{"line":29,"column":30}},"29":{"start":{"line":30,"column":0},"end":{"line":30,"column":30}},"30":{"start":{"line":31,"column":0},"end":{"line":31,"column":48}},"31":{"start":{"line":32,"column":0},"end":{"line":32,"column":20}},"32":{"start":{"line":33,"column":0},"end":{"line":33,"column":31}},"33":{"start":{"line":34,"column":0},"end":{"line":34,"column":50}},"34":{"start":{"line":35,"column":0},"end":{"line":35,"column":42}},"35":{"start":{"line":36,"column":0},"end":{"line":36,"column":57}},"36":{"start":{"line":37,"column":0},"end":{"line":37,"column":42}},"37":{"start":{"line":38,"column":0},"end":{"line":38,"column":47}},"38":{"start":{"line":39,"column":0},"end":{"line":39,"column":42}},"39":{"start":{"line":40,"column":0},"end":{"line":40,"column":42}},"40":{"start":{"line":41,"column":0},"end":{"line":41,"column":12}},"41":{"start":{"line":42,"column":0},"end":{"line":42,"column":42}},"42":{"start":{"line":43,"column":0},"end":{"line":43,"column":5}},"43":{"start":{"line":44,"column":0},"end":{"line":44,"column":5}},"44":{"start":{"line":45,"column":0},"end":{"line":45,"column":38}},"45":{"start":{"line":46,"column":0},"end":{"line":46,"column":29}},"46":{"start":{"line":47,"column":0},"end":{"line":47,"column":1}},"47":{"start":{"line":48,"column":0},"end":{"line":48,"column":0}},"48":{"start":{"line":49,"column":0},"end":{"line":49,"column":55}},"49":{"start":{"line":50,"column":0},"end":{"line":50,"column":41}},"50":{"start":{"line":51,"column":0},"end":{"line":51,"column":41}},"51":{"start":{"line":52,"column":0},"end":{"line":52,"column":54}},"52":{"start":{"line":53,"column":0},"end":{"line":53,"column":1}}},"s":{"0":1,"1":1,"2":1,"3":1,"4":1,"5":1,"6":1,"7":1,"8":1,"9":6,"10":6,"11":1,"12":1,"13":1,"14":1,"15":1,"16":1,"17":2,"18":2,"19":2,"20":2,"21":2,"22":0,"23":0,"24":0,"25":2,"26":1,"27":1,"28":1,"29":1,"30":1,"31":1,"32":1,"33":5,"34":2,"35":5,"36":1,"37":3,"38":1,"39":1,"40":1,"41":1,"42":1,"43":1,"44":1,"45":1,"46":1,"47":1,"48":1,"49":1,"50":1,"51":1,"52":1},"branchMap":{"0":{"type":"branch","line":1,"loc":{"start":{"line":1,"column":0},"end":{"line":53,"column":1}},"locations":[{"start":{"line":1,"column":0},"end":{"line":53,"column":1}}]},"1":{"type":"branch","line":5,"loc":{"start":{"line":5,"column":0},"end":{"line":14,"column":1}},"locations":[{"start":{"line":5,"column":0},"end":{"line":14,"column":1}}]},"2":{"type":"branch","line":9,"loc":{"start":{"line":9,"column":43},"end":{"line":11,"column":3}},"locations":[{"start":{"line":9,"column":43},"end":{"line":11,"column":3}}]},"3":{"type":"branch","line":18,"loc":{"start":{"line":18,"column":0},"end":{"line":26,"column":1}},"locations":[{"start":{"line":18,"column":0},"end":{"line":26,"column":1}}]},"4":{"type":"branch","line":22,"loc":{"start":{"line":22,"column":3},"end":{"line":26,"column":0}},"locations":[{"start":{"line":22,"column":3},"end":{"line":26,"column":0}}]},"5":{"type":"branch","line":28,"loc":{"start":{"line":28,"column":0},"end":{"line":47,"column":1}},"locations":[{"start":{"line":28,"column":0},"end":{"line":47,"column":1}}]},"6":{"type":"branch","line":33,"loc":{"start":{"line":33,"column":21},"end":{"line":44,"column":3}},"locations":[{"start":{"line":33,"column":21},"end":{"line":44,"column":3}}]},"7":{"type":"branch","line":34,"loc":{"start":{"line":34,"column":26},"end":{"line":34,"column":47}},"locations":[{"start":{"line":34,"column":26},"end":{"line":34,"column":47}}]},"8":{"type":"branch","line":34,"loc":{"start":{"line":34,"column":49},"end":{"line":36,"column":5}},"locations":[{"start":{"line":34,"column":49},"end":{"line":36,"column":5}}]},"9":{"type":"branch","line":36,"loc":{"start":{"line":36,"column":5},"end":{"line":43,"column":5}},"locations":[{"start":{"line":36,"column":5},"end":{"line":43,"column":5}}]},"10":{"type":"branch","line":36,"loc":{"start":{"line":36,"column":56},"end":{"line":38,"column":5}},"locations":[{"start":{"line":36,"column":56},"end":{"line":38,"column":5}}]},"11":{"type":"branch","line":38,"loc":{"start":{"line":38,"column":5},"end":{"line":43,"column":5}},"locations":[{"start":{"line":38,"column":5},"end":{"line":43,"column":5}}]},"12":{"type":"branch","line":38,"loc":{"start":{"line":38,"column":46},"end":{"line":43,"column":5}},"locations":[{"start":{"line":38,"column":46},"end":{"line":43,"column":5}}]},"13":{"type":"branch","line":49,"loc":{"start":{"line":49,"column":15},"end":{"line":53,"column":1}},"locations":[{"start":{"line":49,"column":15},"end":{"line":53,"column":1}}]}},"b":{"0":[1],"1":[1],"2":[6],"3":[2],"4":[0],"5":[1],"6":[5],"7":[4],"8":[2],"9":[3],"10":[1],"11":[2],"12":[1],"13":[1]},"fnMap":{"0":{"name":"objToString","decl":{"start":{"line":5,"column":0},"end":{"line":14,"column":1}},"loc":{"start":{"line":5,"column":0},"end":{"line":14,"column":1}},"line":5},"1":{"name":"parsers","decl":{"start":{"line":18,"column":0},"end":{"line":26,"column":1}},"loc":{"start":{"line":18,"column":0},"end":{"line":26,"column":1}},"line":18},"2":{"name":"getObjcetsCompared","decl":{"start":{"line":28,"column":0},"end":{"line":47,"column":1}},"loc":{"start":{"line":28,"column":0},"end":{"line":47,"column":1}},"line":28},"3":{"name":"gendiff","decl":{"start":{"line":49,"column":15},"end":{"line":53,"column":1}},"loc":{"start":{"line":49,"column":15},"end":{"line":53,"column":1}},"line":49}},"f":{"0":1,"1":2,"2":1,"3":1}}
}
