TN:
SF:src/gendiff.js
FN:4,objToString
FN:17,getObjcetsCompared
FN:38,gendiff
FNF:3
FNH:3
FNDA:1,objToString
FNDA:1,getObjcetsCompared
FNDA:1,gendiff
DA:1,1
DA:2,1
DA:3,1
DA:4,1
DA:5,1
DA:6,1
DA:7,1
DA:8,1
DA:9,6
DA:10,6
DA:11,1
DA:12,1
DA:13,1
DA:14,1
DA:15,1
DA:16,1
DA:17,1
DA:18,1
DA:19,1
DA:20,1
DA:21,1
DA:22,1
DA:23,5
DA:24,2
DA:25,5
DA:26,1
DA:27,3
DA:28,1
DA:29,1
DA:30,1
DA:31,1
DA:32,1
DA:33,1
DA:34,1
DA:35,1
DA:36,1
DA:37,1
DA:38,1
DA:39,1
DA:40,1
DA:41,1
DA:42,1
DA:43,1
DA:44,1
LF:44
LH:44
BRDA:1,0,0,1
BRDA:4,1,0,1
BRDA:8,2,0,6
BRDA:17,3,0,1
BRDA:22,4,0,5
BRDA:23,5,0,4
BRDA:23,6,0,2
BRDA:25,7,0,3
BRDA:25,8,0,1
BRDA:27,9,0,2
BRDA:27,10,0,1
BRDA:38,11,0,1
BRF:12
BRH:12
end_of_record
