TN:
SF:src/gendiff.js
FN:5,objToString
FN:18,parsers
FN:28,getObjcetsCompared
FN:49,gendiff
FNF:4
FNH:4
FNDA:1,objToString
FNDA:2,parsers
FNDA:1,getObjcetsCompared
FNDA:1,gendiff
DA:1,1
DA:2,1
DA:3,1
DA:4,1
DA:5,1
DA:6,1
DA:7,1
DA:8,1
DA:9,1
DA:10,6
DA:11,6
DA:12,1
DA:13,1
DA:14,1
DA:15,1
DA:16,1
DA:17,1
DA:18,2
DA:19,2
DA:20,2
DA:21,2
DA:22,2
DA:23,0
DA:24,0
DA:25,0
DA:26,2
DA:27,1
DA:28,1
DA:29,1
DA:30,1
DA:31,1
DA:32,1
DA:33,1
DA:34,5
DA:35,2
DA:36,5
DA:37,1
DA:38,3
DA:39,1
DA:40,1
DA:41,1
DA:42,1
DA:43,1
DA:44,1
DA:45,1
DA:46,1
DA:47,1
DA:48,1
DA:49,1
DA:50,1
DA:51,1
DA:52,1
DA:53,1
LF:53
LH:50
BRDA:1,0,0,1
BRDA:5,1,0,1
BRDA:9,2,0,6
BRDA:18,3,0,2
BRDA:22,4,0,0
BRDA:28,5,0,1
BRDA:33,6,0,5
BRDA:34,7,0,4
BRDA:34,8,0,2
BRDA:36,9,0,3
BRDA:36,10,0,1
BRDA:38,11,0,2
BRDA:38,12,0,1
BRDA:49,13,0,1
BRF:14
BRH:13
end_of_record
